<?xml version="1.0" encoding="UTF-8"?>
<!-- Generated by org.testng.reporters.JUnitReportReporter -->
<testsuite skipped="0" hostname="prasanna" name="com.maven.test.WindowHandle" tests="1" failures="0" timestamp="16 Jul 2019 02:05:42 GMT" time="42.464" errors="0">
  <testcase name="windowHandles" time="42.464" classname="com.maven.test.WindowHandle"/>
</testsuite> <!-- com.maven.test.WindowHandle -->
