<?xml version="1.0" encoding="UTF-8"?>
<!-- Generated by org.testng.reporters.JUnitReportReporter -->
<testsuite skipped="0" hostname="prasanna" name="com.maven.test.JRLogin" tests="14" failures="0" timestamp="16 Jul 2019 01:49:34 GMT" time="20.588" errors="0">
  <testcase name="login" time="1.397" classname="com.maven.test.JRLogin"/>
  <testcase name="login" time="1.531" classname="com.maven.test.JRLogin"/>
  <testcase name="login" time="1.312" classname="com.maven.test.JRLogin"/>
  <testcase name="login" time="1.418" classname="com.maven.test.JRLogin"/>
  <testcase name="login" time="1.352" classname="com.maven.test.JRLogin"/>
  <testcase name="login" time="1.454" classname="com.maven.test.JRLogin"/>
  <testcase name="login" time="1.701" classname="com.maven.test.JRLogin"/>
  <testcase name="login" time="1.337" classname="com.maven.test.JRLogin"/>
  <testcase name="login" time="1.618" classname="com.maven.test.JRLogin"/>
  <testcase name="login" time="1.347" classname="com.maven.test.JRLogin"/>
  <testcase name="login" time="1.820" classname="com.maven.test.JRLogin"/>
  <testcase name="login" time="1.485" classname="com.maven.test.JRLogin"/>
  <testcase name="login" time="1.305" classname="com.maven.test.JRLogin"/>
  <testcase name="login" time="1.511" classname="com.maven.test.JRLogin"/>
</testsuite> <!-- com.maven.test.JRLogin -->
