<?xml version="1.0" encoding="UTF-8"?>
<!-- Generated by org.testng.reporters.JUnitReportReporter -->
<testsuite skipped="0" hostname="prasanna" name="com.maven.test.Browser" tests="1" failures="0" timestamp="11 Jul 2019 02:37:57 GMT" time="0.004" errors="0">
  <testcase name="test_method_1" time="0.004" classname="com.maven.test.Browser"/>
</testsuite> <!-- com.maven.test.Browser -->
